{"C:\\Users\\aryop\\OneDrive\\Documents\\Alpi\\basic-javascripts\\Node.js\\Testing\\GradeCalculation.js": {"path":"C:\\Users\\aryop\\OneDrive\\Documents\\Alpi\\basic-javascripts\\Node.js\\Testing\\GradeCalculation.js","statementMap":{"0":{"start":{"line":2,"column":21},"end":{"line":8,"column":1}},"1":{"start":{"line":3,"column":29},"end":{"line":3,"column":79}},"2":{"start":{"line":3,"column":54},"end":{"line":3,"column":78}},"3":{"start":{"line":4,"column":4},"end":{"line":4,"column":62}},"4":{"start":{"line":4,"column":27},"end":{"line":4,"column":62}},"5":{"start":{"line":6,"column":22},"end":{"line":6,"column":100}},"6":{"start":{"line":6,"column":70},"end":{"line":6,"column":96}},"7":{"start":{"line":7,"column":4},"end":{"line":7,"column":41}},"8":{"start":{"line":12,"column":26},"end":{"line":23,"column":1}},"9":{"start":{"line":13,"column":22},"end":{"line":13,"column":24}},"10":{"start":{"line":14,"column":20},"end":{"line":14,"column":44}},"11":{"start":{"line":16,"column":4},"end":{"line":22,"column":5}},"12":{"start":{"line":17,"column":8},"end":{"line":17,"column":46}},"13":{"start":{"line":18,"column":8},"end":{"line":18,"column":20}},"14":{"start":{"line":20,"column":8},"end":{"line":20,"column":46}},"15":{"start":{"line":21,"column":8},"end":{"line":21,"column":21}},"16":{"start":{"line":25,"column":0},"end":{"line":25,"column":53}}},"fnMap":{"0":{"name":"(anonymous_0)","decl":{"start":{"line":2,"column":21},"end":{"line":2,"column":22}},"loc":{"start":{"line":2,"column":37},"end":{"line":8,"column":1}},"line":2},"1":{"name":"(anonymous_1)","decl":{"start":{"line":3,"column":46},"end":{"line":3,"column":47}},"loc":{"start":{"line":3,"column":54},"end":{"line":3,"column":78}},"line":3},"2":{"name":"(anonymous_2)","decl":{"start":{"line":6,"column":40},"end":{"line":6,"column":41}},"loc":{"start":{"line":6,"column":70},"end":{"line":6,"column":96}},"line":6},"3":{"name":"(anonymous_3)","decl":{"start":{"line":12,"column":26},"end":{"line":12,"column":27}},"loc":{"start":{"line":12,"column":48},"end":{"line":23,"column":1}},"line":12}},"branchMap":{"0":{"loc":{"start":{"line":4,"column":4},"end":{"line":4,"column":62}},"type":"if","locations":[{"start":{"line":4,"column":4},"end":{"line":4,"column":62}},{"start":{},"end":{}}],"line":4},"1":{"loc":{"start":{"line":16,"column":4},"end":{"line":22,"column":5}},"type":"if","locations":[{"start":{"line":16,"column":4},"end":{"line":22,"column":5}},{"start":{"line":19,"column":11},"end":{"line":22,"column":5}}],"line":16}},"s":{"0":1,"1":3,"2":15,"3":3,"4":0,"5":3,"6":15,"7":3,"8":1,"9":2,"10":2,"11":2,"12":1,"13":1,"14":1,"15":1,"16":1},"f":{"0":3,"1":15,"2":15,"3":2},"b":{"0":[0,3],"1":[1,1]},"_coverageSchema":"1a1c01bbd47fc00a2c39e90264f33305004495a9","hash":"68cbede22067cb469c734e094b93337ff1837be3"}
}
